<?xml version="1.0" encoding="UTF-8"?>
<!-- Generated by org.testng.reporters.JUnitReportReporter -->
<testsuite hostname="Workstation-40" failures="0" tests="1" name="TestCases.AUT_CMWeb_SearchRecipe" time="13.322" errors="0" timestamp="2020-12-29T16:22:05 PST" skipped="0">
  <testcase classname="TestCases.AUT_CMWeb_SearchRecipe" name="main" time="13.322"/>
  <system-out/>
</testsuite> <!-- TestCases.AUT_CMWeb_SearchRecipe -->
