<?xml version="1.0" encoding="UTF-8"?>
<!-- Generated by org.testng.reporters.JUnitReportReporter -->
<testsuite hostname="Workstation-40" failures="0" tests="1" name="TestCases.AUT_CMWeb_AddRole" time="20.133" errors="0" timestamp="2021-01-05T10:24:53 PST" skipped="0">
  <testcase classname="TestCases.AUT_CMWeb_AddRole" name="main" time="20.133"/>
  <system-out/>
</testsuite> <!-- TestCases.AUT_CMWeb_AddRole -->
