<?xml version="1.0" encoding="UTF-8"?>
<!-- Generated by org.testng.reporters.JUnitReportReporter -->
<testsuite hostname="Workstation-40" failures="0" tests="1" name="TestCases.AUT_CMWeb_SearchMerchandise" time="12.587" errors="0" timestamp="2020-12-29T16:19:12 PST" skipped="0">
  <testcase classname="TestCases.AUT_CMWeb_SearchMerchandise" name="main" time="12.587"/>
  <system-out/>
</testsuite> <!-- TestCases.AUT_CMWeb_SearchMerchandise -->
