<?xml version="1.0" encoding="UTF-8"?>
<!-- Generated by org.testng.reporters.JUnitReportReporter -->
<testsuite hostname="Workstation-40" failures="0" tests="1" name="TestCases.AUT_CMWeb_ViewRecipe" time="11.763" errors="0" timestamp="2021-01-05T14:50:05 PST" skipped="0">
  <testcase classname="TestCases.AUT_CMWeb_ViewRecipe" name="main" time="11.763"/>
  <system-out/>
</testsuite> <!-- TestCases.AUT_CMWeb_ViewRecipe -->
