<?xml version="1.0" encoding="UTF-8"?>
<!-- Generated by org.testng.reporters.JUnitReportReporter -->
<testsuite hostname="Workstation-40" failures="0" tests="1" name="TestCases.AUT_CMWeb_DeleteUser" time="22.189" errors="0" timestamp="2021-01-05T13:50:27 PST" skipped="0">
  <testcase classname="TestCases.AUT_CMWeb_DeleteUser" name="main" time="22.189"/>
  <system-out/>
</testsuite> <!-- TestCases.AUT_CMWeb_DeleteUser -->
