<?xml version="1.0" encoding="UTF-8"?>
<!-- Generated by org.testng.reporters.JUnitReportReporter -->
<testsuite hostname="Workstation-40" failures="0" tests="1" name="TestCases.AUT_CMWeb_EditUser" time="17.569" errors="0" timestamp="2021-01-05T13:21:57 PST" skipped="0">
  <testcase classname="TestCases.AUT_CMWeb_EditUser" name="main" time="17.569"/>
  <system-out/>
</testsuite> <!-- TestCases.AUT_CMWeb_EditUser -->
