<?xml version="1.0" encoding="UTF-8"?>
<!-- Generated by org.testng.reporters.JUnitReportReporter -->
<testsuite hostname="Workstation-40" failures="0" tests="1" name="TestCases.AUT_CMWeb_DeleteRole" time="21.941" errors="0" timestamp="2021-01-05T10:25:30 PST" skipped="0">
  <testcase classname="TestCases.AUT_CMWeb_DeleteRole" name="main" time="21.941"/>
  <system-out/>
</testsuite> <!-- TestCases.AUT_CMWeb_DeleteRole -->
