<?xml version="1.0" encoding="UTF-8"?>
<!-- Generated by org.testng.reporters.JUnitReportReporter -->
<testsuite hostname="Workstation-40" failures="0" tests="1" name="TestCases.AUT_CMWeb_CreateNewRecipe" time="23.795" errors="0" timestamp="2020-12-28T16:30:51 PST" skipped="0">
  <testcase classname="TestCases.AUT_CMWeb_CreateNewRecipe" name="main" time="23.795"/>
  <system-out/>
</testsuite> <!-- TestCases.AUT_CMWeb_CreateNewRecipe -->
