<?xml version="1.0" encoding="UTF-8"?>
<!-- Generated by org.testng.reporters.JUnitReportReporter -->
<testsuite hostname="Workstation-40" failures="0" tests="1" name="TestCases.AUT_CMWeb_DeleteSite" time="22.085" errors="0" timestamp="2021-01-05T11:04:59 PST" skipped="0">
  <testcase classname="TestCases.AUT_CMWeb_DeleteSite" name="main" time="22.085"/>
  <system-out/>
</testsuite> <!-- TestCases.AUT_CMWeb_DeleteSite -->
