<?xml version="1.0" encoding="UTF-8"?>
<!-- Generated by org.testng.reporters.JUnitReportReporter -->
<testsuite hostname="Workstation-40" failures="0" tests="1" name="TestCases.AUT_CMWeb_CreateNewMerchandise" time="22.548" errors="0" timestamp="2020-12-28T16:19:28 PST" skipped="0">
  <testcase classname="TestCases.AUT_CMWeb_CreateNewMerchandise" name="main" time="22.548"/>
  <system-out/>
</testsuite> <!-- TestCases.AUT_CMWeb_CreateNewMerchandise -->
